<?xml version="1.0" encoding="UTF-8"?>
<coverage generated="1787319060436" clover="3.2.0">
  <project timestamp="1787319060436" name="All files">
    <metrics statements="12" coveredstatements="10" conditionals="6" coveredconditionals="5" methods="2" coveredmethods="1" elements="20" coveredelements="16" complexity="0" loc="12" ncloc="12" packages="1" files="1" classes="1"/>
    <file name="app.js" path="/workspaces/jenkins/api/app.js">
      <metrics statements="12" coveredstatements="10" conditionals="6" coveredconditionals="5" methods="2" coveredmethods="1"/>
      <line num="1" count="1" type="stmt"/>
      <line num="3" count="1" type="stmt"/>
      <line num="5" count="2" type="cond" truecount="2" falsecount="0"/>
      <line num="6" count="1" type="stmt"/>
      <line num="7" count="1" type="stmt"/>
      <line num="9" count="1" type="stmt"/>
      <line num="10" count="1" type="stmt"/>
      <line num="14" count="1" type="cond" truecount="2" falsecount="0"/>
      <line num="16" count="1" type="cond" truecount="1" falsecount="1"/>
      <line num="17" count="0" type="stmt"/>
      <line num="18" count="0" type="stmt"/>
      <line num="22" count="1" type="stmt"/>
    </file>
  </project>
</coverage>
