<?xml version="1.0" encoding="UTF-8"?>
<coverage generated="1787301750966" clover="3.2.0">
  <project timestamp="1787301750966" name="All files">
    <metrics statements="12" coveredstatements="10" conditionals="2" coveredconditionals="1" methods="3" coveredmethods="2" elements="17" coveredelements="13" complexity="0" loc="12" ncloc="12" packages="1" files="1" classes="1"/>
    <file name="app.js" path="/workspaces/jenkins/web/app.js">
      <metrics statements="12" coveredstatements="10" conditionals="2" coveredconditionals="1" methods="3" coveredmethods="2"/>
      <line num="1" count="1" type="stmt"/>
      <line num="3" count="1" type="stmt"/>
      <line num="12" count="2" type="stmt"/>
      <line num="13" count="2" type="stmt"/>
      <line num="16" count="1" type="stmt"/>
      <line num="17" count="1" type="stmt"/>
      <line num="18" count="1" type="stmt"/>
      <line num="21" count="1" type="stmt"/>
      <line num="23" count="1" type="cond" truecount="1" falsecount="1"/>
      <line num="24" count="0" type="stmt"/>
      <line num="25" count="0" type="stmt"/>
      <line num="29" count="1" type="stmt"/>
    </file>
  </project>
</coverage>
